servido-twa/app/build/intermediates/manifest_merge_blame_file/release/processReleaseMainManifest/manifest-merger-blame-release-report.txt
1<?xml version="1.0" encoding="utf-8"?>
2<!--
3    Copyright 2019 Google Inc. All Rights Reserved.
4
5     Licensed under the Apache License, Version 2.0 (the "License");
6     you may not use this file except in compliance with the License.
7     You may obtain a copy of the License at
8
9         http://www.apache.org/licenses/LICENSE-2.0
10
11     Unless required by applicable law or agreed to in writing, software
12     distributed under the License is distributed on an "AS IS" BASIS,
13     WITHOUT WARRANTIES OR CONDITIONS OF ANY KIND, either express or implied.
14     See the License for the specific language governing permissions and
15     limitations under the License.
16-->
17<!--
18 The "package" attribute is rewritten by the Gradle build with the value of applicationId.
19     It is still required here, as it is used to derive paths, for instance when referring
20     to an Activity by ".MyActivity" instead of the full name. If more Activities are added to the
21     application, the package attribute will need to reflect the correct path in order to use
22     the abbreviated format.
23-->
24<manifest xmlns:android="http://schemas.android.com/apk/res/android"
25    package="ar.com.servido.app"
26    android:versionCode="1"
27    android:versionName="1" >
28
29    <uses-sdk
30        android:minSdkVersion="21"
31        android:targetSdkVersion="35" />
32
33    <!-- Permisos necesarios -->
34    <uses-permission android:name="android.permission.POST_NOTIFICATIONS" />
34-->src\main\AndroidManifest.xml:26:5-76
34-->src\main\AndroidManifest.xml:26:22-74
35    <uses-permission android:name="android.permission.ACCESS_FINE_LOCATION" />
35-->[com.google.androidbrowserhelper:locationdelegation:1.1.2] AndroidManifest.xml:7:5-79
35-->[com.google.androidbrowserhelper:locationdelegation:1.1.2] AndroidManifest.xml:7:22-76
36    <uses-permission android:name="android.permission.ACCESS_COARSE_LOCATION" />
36-->[com.google.androidbrowserhelper:locationdelegation:1.1.2] AndroidManifest.xml:8:5-81
36-->[com.google.androidbrowserhelper:locationdelegation:1.1.2] AndroidManifest.xml:8:22-78
37
38    <queries>
38-->[com.google.androidbrowserhelper:androidbrowserhelper:2.6.2] AndroidManifest.xml:22:5-30:15
39        <intent>
39-->[com.google.androidbrowserhelper:androidbrowserhelper:2.6.2] AndroidManifest.xml:23:9-29:18
40            <action android:name="android.intent.action.VIEW" />
40-->src\main\AndroidManifest.xml:122:17-68
40-->src\main\AndroidManifest.xml:122:25-66
41
42            <category android:name="android.intent.category.BROWSABLE" />
42-->src\main\AndroidManifest.xml:124:17-77
42-->src\main\AndroidManifest.xml:124:27-75
43
44            <data android:scheme="https" />
44-->src\main\AndroidManifest.xml:125:17-126:55
44-->src\main\AndroidManifest.xml:125:23-45
45        </intent>
46    </queries>
47
48    <permission
48-->[androidx.core:core:1.13.0] AndroidManifest.xml:22:5-24:47
49        android:name="ar.com.servido.app.DYNAMIC_RECEIVER_NOT_EXPORTED_PERMISSION"
49-->[androidx.core:core:1.13.0] AndroidManifest.xml:23:9-81
50        android:protectionLevel="signature" />
50-->[androidx.core:core:1.13.0] AndroidManifest.xml:24:9-44
51
52    <uses-permission android:name="ar.com.servido.app.DYNAMIC_RECEIVER_NOT_EXPORTED_PERMISSION" />
52-->[androidx.core:core:1.13.0] AndroidManifest.xml:26:5-97
52-->[androidx.core:core:1.13.0] AndroidManifest.xml:26:22-94
53
54    <application
54-->src\main\AndroidManifest.xml:28:5-163:19
55        android:name="ar.com.servido.app.Application"
55-->src\main\AndroidManifest.xml:29:9-35
56        android:allowBackup="true"
56-->src\main\AndroidManifest.xml:30:9-35
57        android:appComponentFactory="androidx.core.app.CoreComponentFactory"
57-->[androidx.core:core:1.13.0] AndroidManifest.xml:28:18-86
58        android:extractNativeLibs="true"
59        android:icon="@mipmap/ic_launcher"
59-->src\main\AndroidManifest.xml:31:9-43
60        android:label="@string/appName"
60-->src\main\AndroidManifest.xml:32:9-40
61        android:manageSpaceActivity="com.google.androidbrowserhelper.trusted.ManageDataLauncherActivity"
61-->src\main\AndroidManifest.xml:33:9-105
62        android:supportsRtl="true"
62-->src\main\AndroidManifest.xml:34:9-35
63        android:theme="@android:style/Theme.Translucent.NoTitleBar" >
63-->src\main\AndroidManifest.xml:35:9-68
64
65        <!-- Asset Links -->
66        <meta-data
66-->src\main\AndroidManifest.xml:38:9-40:58
67            android:name="asset_statements"
67-->src\main\AndroidManifest.xml:39:13-44
68            android:resource="@string/assetStatements" />
68-->src\main\AndroidManifest.xml:40:13-55
69
70        <!-- Web manifest -->
71        <meta-data
71-->src\main\AndroidManifest.xml:43:9-45:54
72            android:name="web_manifest_url"
72-->src\main\AndroidManifest.xml:44:13-44
73            android:value="@string/webManifestUrl" />
73-->src\main\AndroidManifest.xml:45:13-51
74
75        <!-- Generator info -->
76        <meta-data
76-->src\main\AndroidManifest.xml:48:9-50:52
77            android:name="twa_generator"
77-->src\main\AndroidManifest.xml:49:13-41
78            android:value="@string/generatorApp" />
78-->src\main\AndroidManifest.xml:50:13-49
79
80        <!-- Launcher Activity -->
81        <activity
81-->src\main\AndroidManifest.xml:53:9-128:20
82            android:name="ar.com.servido.app.LauncherActivity"
82-->src\main\AndroidManifest.xml:53:19-50
83            android:alwaysRetainTaskState="true"
83-->src\main\AndroidManifest.xml:54:13-49
84            android:exported="true"
84-->src\main\AndroidManifest.xml:56:13-36
85            android:label="@string/launcherName" >
85-->src\main\AndroidManifest.xml:55:13-49
86
87            <!-- URL principal -->
88            <meta-data
88-->src\main\AndroidManifest.xml:59:13-60:53
89                android:name="androidx.browser.trusted.DEFAULT_URL"
89-->src\main\AndroidManifest.xml:59:24-75
90                android:value="@string/launchUrl" />
90-->src\main\AndroidManifest.xml:60:17-50
91
92            <!-- Colores de UI -->
93            <meta-data
93-->src\main\AndroidManifest.xml:63:13-65:58
94                android:name="androidx.browser.trusted.STATUS_BAR_COLOR"
94-->src\main\AndroidManifest.xml:64:17-73
95                android:resource="@color/colorPrimary" />
95-->src\main\AndroidManifest.xml:65:17-55
96            <meta-data
96-->src\main\AndroidManifest.xml:67:13-69:62
97                android:name="androidx.browser.trusted.STATUS_BAR_COLOR_DARK"
97-->src\main\AndroidManifest.xml:68:17-78
98                android:resource="@color/colorPrimaryDark" />
98-->src\main\AndroidManifest.xml:69:17-59
99            <meta-data
99-->src\main\AndroidManifest.xml:71:13-73:61
100                android:name="androidx.browser.trusted.NAVIGATION_BAR_COLOR"
100-->src\main\AndroidManifest.xml:72:17-77
101                android:resource="@color/navigationColor" />
101-->src\main\AndroidManifest.xml:73:17-58
102            <meta-data
102-->src\main\AndroidManifest.xml:75:13-77:65
103                android:name="androidx.browser.trusted.NAVIGATION_BAR_COLOR_DARK"
103-->src\main\AndroidManifest.xml:76:17-82
104                android:resource="@color/navigationColorDark" />
104-->src\main\AndroidManifest.xml:77:17-62
105            <meta-data
105-->src\main\AndroidManifest.xml:79:13-81:68
106                android:name="androidx.browser.trusted.NAVIGATION_BAR_DIVIDER_COLOR"
106-->src\main\AndroidManifest.xml:80:17-85
107                android:resource="@color/navigationDividerColor" />
107-->src\main\AndroidManifest.xml:81:17-65
108            <meta-data
108-->src\main\AndroidManifest.xml:83:13-85:72
109                android:name="androidx.browser.trusted.NAVIGATION_BAR_DIVIDER_COLOR_DARK"
109-->src\main\AndroidManifest.xml:84:17-90
110                android:resource="@color/navigationDividerColorDark" />
110-->src\main\AndroidManifest.xml:85:17-69
111
112            <!-- Splash -->
113            <meta-data
113-->src\main\AndroidManifest.xml:88:13-89:54
114                android:name="androidx.browser.trusted.SPLASH_IMAGE_DRAWABLE"
114-->src\main\AndroidManifest.xml:88:24-85
115                android:resource="@drawable/splash" />
115-->src\main\AndroidManifest.xml:89:17-52
116            <meta-data
116-->src\main\AndroidManifest.xml:91:13-92:60
117                android:name="androidx.browser.trusted.SPLASH_SCREEN_BACKGROUND_COLOR"
117-->src\main\AndroidManifest.xml:91:24-94
118                android:resource="@color/backgroundColor" />
118-->src\main\AndroidManifest.xml:92:17-58
119            <meta-data
119-->src\main\AndroidManifest.xml:94:13-95:71
120                android:name="androidx.browser.trusted.SPLASH_SCREEN_FADE_OUT_DURATION"
120-->src\main\AndroidManifest.xml:94:24-95
121                android:value="@integer/splashScreenFadeOutDuration" />
121-->src\main\AndroidManifest.xml:95:17-69
122            <meta-data
122-->src\main\AndroidManifest.xml:97:13-98:60
123                android:name="androidx.browser.trusted.FILE_PROVIDER_AUTHORITY"
123-->src\main\AndroidManifest.xml:97:24-87
124                android:value="@string/providerAuthority" />
124-->src\main\AndroidManifest.xml:98:17-58
125
126            <!-- Atajos -->
127            <meta-data
127-->src\main\AndroidManifest.xml:101:13-97
128                android:name="android.app.shortcuts"
128-->src\main\AndroidManifest.xml:101:24-60
129                android:resource="@xml/shortcuts" />
129-->src\main\AndroidManifest.xml:101:61-94
130
131            <!-- Estrategia fallback -->
132            <meta-data
132-->src\main\AndroidManifest.xml:104:13-105:56
133                android:name="androidx.browser.trusted.FALLBACK_STRATEGY"
133-->src\main\AndroidManifest.xml:104:24-81
134                android:value="@string/fallbackType" />
134-->src\main\AndroidManifest.xml:105:17-53
135
136            <!-- Orientación -->
137            <meta-data
137-->src\main\AndroidManifest.xml:108:13-109:54
138                android:name="androidx.browser.trusted.SCREEN_ORIENTATION"
138-->src\main\AndroidManifest.xml:108:24-82
139                android:value="@string/orientation" />
139-->src\main\AndroidManifest.xml:109:17-52
140
141            <!-- 🚀 Activar immersive mode -->
142            <meta-data
142-->src\main\AndroidManifest.xml:112:13-114:40
143                android:name="androidx.browser.trusted.IMMERSIVE_MODE_ENABLED"
143-->src\main\AndroidManifest.xml:113:17-79
144                android:value="true" />
144-->src\main\AndroidManifest.xml:114:17-37
145
146            <intent-filter>
146-->src\main\AndroidManifest.xml:116:13-119:29
147                <action android:name="android.intent.action.MAIN" />
147-->src\main\AndroidManifest.xml:117:17-69
147-->src\main\AndroidManifest.xml:117:25-66
148
149                <category android:name="android.intent.category.LAUNCHER" />
149-->src\main\AndroidManifest.xml:118:17-77
149-->src\main\AndroidManifest.xml:118:27-74
150            </intent-filter>
151            <intent-filter android:autoVerify="true" >
151-->src\main\AndroidManifest.xml:121:13-127:29
151-->src\main\AndroidManifest.xml:121:28-53
152                <action android:name="android.intent.action.VIEW" />
152-->src\main\AndroidManifest.xml:122:17-68
152-->src\main\AndroidManifest.xml:122:25-66
153
154                <category android:name="android.intent.category.DEFAULT" />
154-->src\main\AndroidManifest.xml:123:17-76
154-->src\main\AndroidManifest.xml:123:27-73
155                <category android:name="android.intent.category.BROWSABLE" />
155-->src\main\AndroidManifest.xml:124:17-77
155-->src\main\AndroidManifest.xml:124:27-75
156
157                <data
157-->src\main\AndroidManifest.xml:125:17-126:55
158                    android:host="@string/hostName"
158-->src\main\AndroidManifest.xml:126:21-52
159                    android:scheme="https" />
159-->src\main\AndroidManifest.xml:125:23-45
160            </intent-filter>
161        </activity>
162
163        <!-- Otras activities y services de Bubblewrap -->
164        <activity android:name="com.google.androidbrowserhelper.trusted.ManageDataLauncherActivity" />
164-->src\main\AndroidManifest.xml:131:9-102
164-->src\main\AndroidManifest.xml:131:19-100
165        <activity android:name="com.google.androidbrowserhelper.trusted.FocusActivity" />
165-->src\main\AndroidManifest.xml:132:9-90
165-->src\main\AndroidManifest.xml:132:19-87
166        <activity
166-->src\main\AndroidManifest.xml:133:9-134:62
167            android:name="com.google.androidbrowserhelper.trusted.WebViewFallbackActivity"
167-->src\main\AndroidManifest.xml:133:19-97
168            android:configChanges="orientation|screenSize" />
168-->src\main\AndroidManifest.xml:134:13-59
169
170        <provider
170-->src\main\AndroidManifest.xml:136:9-144:20
171            android:name="androidx.core.content.FileProvider"
171-->src\main\AndroidManifest.xml:137:13-62
172            android:authorities="@string/providerAuthority"
172-->src\main\AndroidManifest.xml:138:13-60
173            android:exported="false"
173-->src\main\AndroidManifest.xml:140:13-37
174            android:grantUriPermissions="true" >
174-->src\main\AndroidManifest.xml:139:13-47
175            <meta-data
175-->src\main\AndroidManifest.xml:141:13-143:53
176                android:name="android.support.FILE_PROVIDER_PATHS"
176-->src\main\AndroidManifest.xml:142:17-67
177                android:resource="@xml/filepaths" />
177-->src\main\AndroidManifest.xml:143:17-50
178        </provider>
179
180        <service
180-->src\main\AndroidManifest.xml:146:9-159:19
181            android:name="ar.com.servido.app.DelegationService"
181-->src\main\AndroidManifest.xml:147:13-46
182            android:enabled="@bool/enableNotification"
182-->src\main\AndroidManifest.xml:148:13-55
183            android:exported="@bool/enableNotification" >
183-->src\main\AndroidManifest.xml:149:13-56
184            <meta-data
184-->src\main\AndroidManifest.xml:151:13-153:69
185                android:name="androidx.browser.trusted.SMALL_ICON"
185-->src\main\AndroidManifest.xml:152:17-67
186                android:resource="@drawable/ic_notification_icon" />
186-->src\main\AndroidManifest.xml:153:17-66
187
188            <intent-filter>
188-->src\main\AndroidManifest.xml:155:13-158:29
189                <action android:name="androidx.browser.trusted.TRUSTED_WEB_ACTIVITY_SERVICE" />
189-->src\main\AndroidManifest.xml:156:17-95
189-->src\main\AndroidManifest.xml:156:25-93
190
191                <category android:name="android.intent.category.DEFAULT" />
191-->src\main\AndroidManifest.xml:123:17-76
191-->src\main\AndroidManifest.xml:123:27-73
192            </intent-filter>
193        </service>
194
195        <activity android:name="com.google.androidbrowserhelper.trusted.NotificationPermissionRequestActivity" />
195-->src\main\AndroidManifest.xml:161:9-114
195-->src\main\AndroidManifest.xml:161:19-111
196        <activity android:name="com.google.androidbrowserhelper.locationdelegation.PermissionRequestActivity" />
196-->src\main\AndroidManifest.xml:162:9-112
196-->src\main\AndroidManifest.xml:162:19-110
197        <activity
197-->[com.google.android.gms:play-services-base:18.1.0] AndroidManifest.xml:20:9-22:45
198            android:name="com.google.android.gms.common.api.GoogleApiActivity"
198-->[com.google.android.gms:play-services-base:18.1.0] AndroidManifest.xml:20:19-85
199            android:exported="false"
199-->[com.google.android.gms:play-services-base:18.1.0] AndroidManifest.xml:22:19-43
200            android:theme="@android:style/Theme.Translucent.NoTitleBar" />
200-->[com.google.android.gms:play-services-base:18.1.0] AndroidManifest.xml:21:19-78
201
202        <meta-data
202-->[com.google.android.gms:play-services-basement:18.1.0] AndroidManifest.xml:21:9-23:69
203            android:name="com.google.android.gms.version"
203-->[com.google.android.gms:play-services-basement:18.1.0] AndroidManifest.xml:22:13-58
204            android:value="@integer/google_play_services_version" />
204-->[com.google.android.gms:play-services-basement:18.1.0] AndroidManifest.xml:23:13-66
205
206        <provider
206-->[androidx.emoji2:emoji2:1.3.0] AndroidManifest.xml:24:9-32:20
207            android:name="androidx.startup.InitializationProvider"
207-->[androidx.emoji2:emoji2:1.3.0] AndroidManifest.xml:25:13-67
208            android:authorities="ar.com.servido.app.androidx-startup"
208-->[androidx.emoji2:emoji2:1.3.0] AndroidManifest.xml:26:13-68
209            android:exported="false" >
209-->[androidx.emoji2:emoji2:1.3.0] AndroidManifest.xml:27:13-37
210            <meta-data
210-->[androidx.emoji2:emoji2:1.3.0] AndroidManifest.xml:29:13-31:52
211                android:name="androidx.emoji2.text.EmojiCompatInitializer"
211-->[androidx.emoji2:emoji2:1.3.0] AndroidManifest.xml:30:17-75
212                android:value="androidx.startup" />
212-->[androidx.emoji2:emoji2:1.3.0] AndroidManifest.xml:31:17-49
213            <meta-data
213-->[androidx.lifecycle:lifecycle-process:2.6.2] AndroidManifest.xml:29:13-31:52
214                android:name="androidx.lifecycle.ProcessLifecycleInitializer"
214-->[androidx.lifecycle:lifecycle-process:2.6.2] AndroidManifest.xml:30:17-78
215                android:value="androidx.startup" />
215-->[androidx.lifecycle:lifecycle-process:2.6.2] AndroidManifest.xml:31:17-49
216            <meta-data
216-->[androidx.profileinstaller:profileinstaller:1.3.1] AndroidManifest.xml:29:13-31:52
217                android:name="androidx.profileinstaller.ProfileInstallerInitializer"
217-->[androidx.profileinstaller:profileinstaller:1.3.1] AndroidManifest.xml:30:17-85
218                android:value="androidx.startup" />
218-->[androidx.profileinstaller:profileinstaller:1.3.1] AndroidManifest.xml:31:17-49
219        </provider>
220
221        <receiver
221-->[androidx.profileinstaller:profileinstaller:1.3.1] AndroidManifest.xml:34:9-52:20
222            android:name="androidx.profileinstaller.ProfileInstallReceiver"
222-->[androidx.profileinstaller:profileinstaller:1.3.1] AndroidManifest.xml:35:13-76
223            android:directBootAware="false"
223-->[androidx.profileinstaller:profileinstaller:1.3.1] AndroidManifest.xml:36:13-44
224            android:enabled="true"
224-->[androidx.profileinstaller:profileinstaller:1.3.1] AndroidManifest.xml:37:13-35
225            android:exported="true"
225-->[androidx.profileinstaller:profileinstaller:1.3.1] AndroidManifest.xml:38:13-36
226            android:permission="android.permission.DUMP" >
226-->[androidx.profileinstaller:profileinstaller:1.3.1] AndroidManifest.xml:39:13-57
227            <intent-filter>
227-->[androidx.profileinstaller:profileinstaller:1.3.1] AndroidManifest.xml:40:13-42:29
228                <action android:name="androidx.profileinstaller.action.INSTALL_PROFILE" />
228-->[androidx.profileinstaller:profileinstaller:1.3.1] AndroidManifest.xml:41:17-91
228-->[androidx.profileinstaller:profileinstaller:1.3.1] AndroidManifest.xml:41:25-88
229            </intent-filter>
230            <intent-filter>
230-->[androidx.profileinstaller:profileinstaller:1.3.1] AndroidManifest.xml:43:13-45:29
231                <action android:name="androidx.profileinstaller.action.SKIP_FILE" />
231-->[androidx.profileinstaller:profileinstaller:1.3.1] AndroidManifest.xml:44:17-85
231-->[androidx.profileinstaller:profileinstaller:1.3.1] AndroidManifest.xml:44:25-82
232            </intent-filter>
233            <intent-filter>
233-->[androidx.profileinstaller:profileinstaller:1.3.1] AndroidManifest.xml:46:13-48:29
234                <action android:name="androidx.profileinstaller.action.SAVE_PROFILE" />
234-->[androidx.profileinstaller:profileinstaller:1.3.1] AndroidManifest.xml:47:17-88
234-->[androidx.profileinstaller:profileinstaller:1.3.1] AndroidManifest.xml:47:25-85
235            </intent-filter>
236            <intent-filter>
236-->[androidx.profileinstaller:profileinstaller:1.3.1] AndroidManifest.xml:49:13-51:29
237                <action android:name="androidx.profileinstaller.action.BENCHMARK_OPERATION" />
237-->[androidx.profileinstaller:profileinstaller:1.3.1] AndroidManifest.xml:50:17-95
237-->[androidx.profileinstaller:profileinstaller:1.3.1] AndroidManifest.xml:50:25-92
238            </intent-filter>
239        </receiver>
240    </application>
241
242</manifest>